<?xml version="1.0" encoding="UTF-8"?>
<!-- Generated by org.testng.reporters.JUnitReportReporter -->
<testsuite hostname="GOWTHAM" name="com.demo.test.SampleDemo.ValidatePlayersJson" tests="1" failures="0" timestamp="22 Sep 2022 17:29:12 GMT" time="0.013" errors="0">
  <testcase name="testScenario1" time="0.013" classname="com.demo.test.SampleDemo.ValidatePlayersJson"/>
</testsuite> <!-- com.demo.test.SampleDemo.ValidatePlayersJson -->
