<?xml version="1.0" encoding="UTF-8"?>
<!-- Generated by org.testng.reporters.JUnitReportReporter -->
<testsuite hostname="GOWTHAM" name="com.demo.test.SampleDemo.AppTest" tests="1" failures="0" timestamp="20 Sep 2022 19:33:12 GMT" time="0.000" errors="0">
  <testcase name="testScenario1" time="0.000" classname="com.demo.test.SampleDemo.AppTest"/>
</testsuite> <!-- com.demo.test.SampleDemo.AppTest -->
