<?xml version="1.0" encoding="UTF-8"?>
<!-- Generated by org.testng.reporters.JUnitReportReporter -->
<testsuite hostname="GOWTHAM" name="com.demo.test.SampleDemo.ValidatePlayersCountry" tests="1" failures="0" timestamp="22 Sep 2022 18:27:27 GMT" time="0.011" errors="0">
  <testcase name="testScenario1" time="0.011" classname="com.demo.test.SampleDemo.ValidatePlayersCountry"/>
</testsuite> <!-- com.demo.test.SampleDemo.ValidatePlayersCountry -->
