<?xml version="1.0" encoding="UTF-8"?>
<!-- Generated by org.testng.reporters.JUnitReportReporter -->
<testsuite hostname="GOWTHAM" name="com.demo.test.SampleDemo.ValidateRoleJson" tests="1" failures="0" timestamp="22 Sep 2022 17:17:21 GMT" time="0.003" errors="0">
  <testcase name="testScenario1" time="0.003" classname="com.demo.test.SampleDemo.ValidateRoleJson"/>
</testsuite> <!-- com.demo.test.SampleDemo.ValidateRoleJson -->
